Update at Sat Feb 28 18:50:36 UTC 2026
Update at Sun Mar  1 18:52:12 UTC 2026
Update at Mon Mar  2 19:07:56 UTC 2026
Update at Wed Mar  4 19:08:20 UTC 2026
Update at Thu Mar  5 19:36:48 UTC 2026
Update at Fri Mar  6 19:05:07 UTC 2026
Update at Sat Mar  7 18:51:37 UTC 2026
Update at Sun Mar  8 18:53:30 UTC 2026
Update at Mon Mar  9 19:11:46 UTC 2026
Update at Tue Mar 10 19:09:58 UTC 2026
Update at Wed Mar 11 19:12:06 UTC 2026
Update at Thu Mar 12 19:13:04 UTC 2026
Update at Fri Mar 13 19:02:52 UTC 2026
Update at Sat Mar 14 18:58:40 UTC 2026
Update at Sun Mar 15 19:00:02 UTC 2026
Update at Mon Mar 16 19:31:00 UTC 2026
Update at Tue Mar 17 19:30:39 UTC 2026
Update at Wed Mar 18 19:26:10 UTC 2026
Update at Thu Mar 19 19:16:10 UTC 2026
Update at Fri Mar 20 19:07:34 UTC 2026
Update at Sat Mar 21 18:55:19 UTC 2026
Update at Sun Mar 22 18:56:36 UTC 2026
Update at Mon Mar 23 19:16:01 UTC 2026
Update at Tue Mar 24 19:31:18 UTC 2026
Update at Wed Mar 25 19:12:58 UTC 2026
Update at Thu Mar 26 19:33:42 UTC 2026
Update at Fri Mar 27 19:15:50 UTC 2026
Update at Sat Mar 28 19:01:35 UTC 2026
Update at Sun Mar 29 19:03:55 UTC 2026
Update at Mon Mar 30 19:30:43 UTC 2026
Update at Tue Mar 31 19:30:35 UTC 2026
Update at Wed Apr  1 19:33:21 UTC 2026
Update at Thu Apr  2 19:17:08 UTC 2026
Update at Fri Apr  3 19:07:10 UTC 2026
Update at Sat Apr  4 19:03:33 UTC 2026
Update at Sun Apr  5 19:05:42 UTC 2026
Update at Mon Apr  6 19:31:45 UTC 2026
Update at Tue Apr  7 19:33:21 UTC 2026
Update at Wed Apr  8 19:42:40 UTC 2026
Update at Thu Apr  9 19:40:24 UTC 2026
Update at Fri Apr 10 19:13:47 UTC 2026
Update at Sat Apr 11 19:06:19 UTC 2026
Update at Sun Apr 12 19:09:46 UTC 2026
Update at Mon Apr 13 19:41:29 UTC 2026
Update at Tue Apr 14 19:43:47 UTC 2026
Update at Wed Apr 15 19:45:28 UTC 2026
Update at Thu Apr 16 19:39:05 UTC 2026
Update at Fri Apr 17 19:33:31 UTC 2026
Update at Sat Apr 18 19:10:45 UTC 2026
Update at Sun Apr 19 19:10:17 UTC 2026
Update at Mon Apr 20 19:36:02 UTC 2026
Update at Tue Apr 21 19:39:27 UTC 2026
Update at Wed Apr 22 19:41:01 UTC 2026
Update at Thu Apr 23 19:43:35 UTC 2026
Update at Fri Apr 24 19:14:38 UTC 2026
Update at Sat Apr 25 19:12:34 UTC 2026
Update at Sun Apr 26 19:14:51 UTC 2026
Update at Mon Apr 27 19:49:44 UTC 2026
Update at Tue Apr 28 19:57:53 UTC 2026
Update at Wed Apr 29 19:55:21 UTC 2026
Update at Thu Apr 30 19:51:28 UTC 2026
Update at Fri May  1 19:41:42 UTC 2026
Update at Sat May  2 19:29:24 UTC 2026
Update at Sun May  3 19:28:58 UTC 2026
Update at Mon May  4 19:57:00 UTC 2026
Update at Tue May  5 19:53:15 UTC 2026
Update at Wed May  6 20:02:30 UTC 2026
Update at Thu May  7 19:55:56 UTC 2026
Update at Fri May  8 19:47:06 UTC 2026
Update at Sat May  9 19:35:28 UTC 2026
Update at Sun May 10 19:35:25 UTC 2026
Update at Mon May 11 20:05:59 UTC 2026
Update at Tue May 12 20:10:57 UTC 2026
Update at Wed May 13 20:12:18 UTC 2026
Update at Thu May 14 20:04:00 UTC 2026
Update at Fri May 15 19:55:44 UTC 2026
Update at Sat May 16 19:35:34 UTC 2026
Update at Sun May 17 19:38:52 UTC 2026
Update at Mon May 18 20:03:59 UTC 2026
Update at Tue May 19 20:05:24 UTC 2026
Update at Wed May 20 20:31:05 UTC 2026
Update at Thu May 21 20:12:18 UTC 2026
Update at Fri May 22 20:13:02 UTC 2026
Update at Sat May 23 19:40:10 UTC 2026
Update at Sun May 24 19:42:31 UTC 2026
Update at Mon May 25 20:00:34 UTC 2026
Update at Tue May 26 20:26:28 UTC 2026
Update at Wed May 27 20:30:03 UTC 2026
Update at Thu May 28 20:38:37 UTC 2026
Update at Fri May 29 20:38:27 UTC 2026
Update at Sat May 30 19:42:49 UTC 2026
Update at Sun May 31 19:42:20 UTC 2026
Update at Mon Jun  1 21:44:04 UTC 2026
Update at Tue Jun  2 21:24:29 UTC 2026
Update at Wed Jun  3 21:30:33 UTC 2026
Update at Thu Jun  4 20:25:48 UTC 2026
Update at Fri Jun  5 20:15:36 UTC 2026
Update at Sat Jun  6 19:48:24 UTC 2026
Update at Sun Jun  7 19:48:01 UTC 2026
Update at Mon Jun  8 20:35:32 UTC 2026
Update at Tue Jun  9 20:20:55 UTC 2026
